<?xml version="1.0" encoding="UTF-8"?>
<testng-results ignored="0" total="2" passed="2" failed="0" skipped="0">
  <reporter-output>
  </reporter-output>
  <suite started-at="2024-11-30T13:08:18 IST" name="Suite" finished-at="2024-11-30T13:08:25 IST" duration-ms="6458">
    <groups>
    </groups>
    <test started-at="2024-11-30T13:08:18 IST" name="chrome" finished-at="2024-11-30T13:08:21 IST" duration-ms="3060">
      <class name="ParallelExecutionInTestNG.RunInMultipleBrowserParallely">
        <test-method signature="BrowserSetup(java.lang.String)[pri:0, instance:ParallelExecutionInTestNG.RunInMultipleBrowserParallely@434a63ab]" started-at="2024-11-30T13:08:18 IST" name="BrowserSetup" finished-at="2024-11-30T13:08:21 IST" duration-ms="3015" status="PASS">
          <params>
            <param index="0">
              <value>
                <![CDATA[chrome]]>
              </value>
            </param>
          </params>
          <reporter-output>
          </reporter-output>
        </test-method> <!-- BrowserSetup -->
      </class> <!-- ParallelExecutionInTestNG.RunInMultipleBrowserParallely -->
    </test> <!-- chrome -->
    <test started-at="2024-11-30T13:08:18 IST" name="firefox" finished-at="2024-11-30T13:08:25 IST" duration-ms="6458">
      <class name="ParallelExecutionInTestNG.RunInMultipleBrowserParallely">
        <test-method signature="BrowserSetup(java.lang.String)[pri:0, instance:ParallelExecutionInTestNG.RunInMultipleBrowserParallely@38cee291]" started-at="2024-11-30T13:08:18 IST" name="BrowserSetup" finished-at="2024-11-30T13:08:25 IST" duration-ms="6421" status="PASS">
          <params>
            <param index="0">
              <value>
                <![CDATA[fire]]>
              </value>
            </param>
          </params>
          <reporter-output>
          </reporter-output>
        </test-method> <!-- BrowserSetup -->
      </class> <!-- ParallelExecutionInTestNG.RunInMultipleBrowserParallely -->
    </test> <!-- firefox -->
  </suite> <!-- Suite -->
</testng-results>
