<?xml version="1.0" encoding="UTF-8"?>
<testng-results ignored="0" total="1" passed="1" failed="0" skipped="0">
  <reporter-output>
  </reporter-output>
  <suite started-at="2025-02-15T17:23:56 IST" name="Default suite" finished-at="2025-02-15T17:23:58 IST" duration-ms="2697">
    <groups>
    </groups>
    <test started-at="2025-02-15T17:23:56 IST" name="Default test" finished-at="2025-02-15T17:23:58 IST" duration-ms="2697">
      <class name="Maurya.Assertion">
        <test-method signature="run()[pri:0, instance:Maurya.Assertion@1b1426f4]" started-at="2025-02-15T17:23:56 IST" name="run" finished-at="2025-02-15T17:23:58 IST" duration-ms="2658" status="PASS">
          <reporter-output>
          </reporter-output>
        </test-method> <!-- run -->
      </class> <!-- Maurya.Assertion -->
    </test> <!-- Default test -->
  </suite> <!-- Default suite -->
</testng-results>
